\BOOKMARK [1][-]{section.1}{\376\377\000I\000n\000t\000r\000o\000d\000u\000z\000i\000o\000n\000e}{}% 1
\BOOKMARK [2][-]{subsection.1.1}{\376\377\000S\000c\000o\000p\000o\000\040\000d\000e\000l\000\040\000d\000o\000c\000u\000m\000e\000n\000t\000o}{section.1}% 2
\BOOKMARK [2][-]{subsection.1.2}{\376\377\000S\000c\000o\000p\000o\000\040\000d\000e\000l\000\040\000p\000r\000o\000d\000o\000t\000t\000o\000\040\000[\000?\000]}{section.1}% 3
\BOOKMARK [2][-]{subsection.1.3}{\376\377\000G\000l\000o\000s\000s\000a\000r\000i\000o}{section.1}% 4
\BOOKMARK [2][-]{subsection.1.4}{\376\377\000R\000i\000f\000e\000r\000i\000m\000e\000n\000t\000i}{section.1}% 5
\BOOKMARK [3][-]{subsubsection.1.4.1}{\376\377\000R\000i\000f\000e\000r\000i\000m\000e\000n\000t\000i\000\040\000n\000o\000m\000i\000n\000a\000t\000i\000v\000i}{subsection.1.4}% 6
\BOOKMARK [3][-]{subsubsection.1.4.2}{\376\377\000R\000i\000f\000e\000r\000i\000m\000e\000n\000t\000i\000\040\000i\000n\000f\000o\000r\000m\000a\000t\000i\000v\000i}{subsection.1.4}% 7
\BOOKMARK [1][-]{section.2}{\376\377\000D\000e\000s\000c\000r\000i\000z\000i\000o\000n\000e\000\040\000g\000e\000n\000e\000r\000a\000l\000e}{}% 8
\BOOKMARK [2][-]{subsection.2.1}{\376\377\000O\000b\000i\000e\000t\000t\000i\000v\000i\000\040\000d\000e\000l\000\040\000p\000r\000o\000d\000o\000t\000t\000o}{section.2}% 9
\BOOKMARK [2][-]{subsection.2.2}{\376\377\000F\000u\000n\000z\000i\000o\000n\000i\000\040\000d\000e\000l\000\040\000p\000r\000o\000d\000o\000t\000t\000o}{section.2}% 10
\BOOKMARK [2][-]{subsection.2.3}{\376\377\000C\000a\000r\000a\000t\000t\000e\000r\000i\000s\000t\000i\000c\000h\000e\000\040\000d\000e\000g\000l\000i\000\040\000u\000t\000e\000n\000t\000i}{section.2}% 11
\BOOKMARK [2][-]{subsection.2.4}{\376\377\000P\000i\000a\000t\000t\000a\000f\000o\000r\000m\000a\000\040\000d\000i\000\040\000e\000s\000e\000c\000u\000z\000i\000o\000n\000e\000\040\000[\000?\000]}{section.2}% 12
\BOOKMARK [1][-]{section.3}{\376\377\000C\000a\000s\000i\000\040\000d\000'\000u\000s\000o}{}% 13
\BOOKMARK [2][-]{subsection.3.1}{\376\377\000I\000n\000t\000r\000o\000d\000u\000z\000i\000o\000n\000e}{section.3}% 14
\BOOKMARK [2][-]{subsection.3.2}{\376\377\000A\000t\000t\000o\000r\000i}{section.3}% 15
\BOOKMARK [2][-]{subsection.3.3}{\376\377\000E\000l\000e\000n\000c\000o\000\040\000d\000e\000i\000\040\000c\000a\000s\000i\000\040\000d\000'\000u\000s\000o}{section.3}% 16
\BOOKMARK [1][-]{section.4}{\376\377\000A\000g\000e\000n\000t\000e\000\040\0001\000:\000\040\000D\000o\000c\000u\000m\000e\000n\000t\000a\000z\000i\000o\000n\000e\000\040\000e\000\040\000R\000E\000A\000D\000M\000E}{}% 17
\BOOKMARK [2][-]{subsection.4.1}{\376\377\000I\000n\000t\000r\000o\000d\000u\000z\000i\000o\000n\000e\000\040\000a\000l\000l\000'\000a\000g\000e\000n\000t\000e}{section.4}% 18
\BOOKMARK [2][-]{subsection.4.2}{\376\377\000O\000b\000i\000e\000t\000t\000i\000v\000i\000\040\000e\000\040\000F\000u\000n\000z\000i\000o\000n\000a\000l\000i\000t\000\340}{section.4}% 19
\BOOKMARK [2][-]{subsection.4.3}{\376\377\000C\000a\000s\000i\000\040\000d\000'\000U\000s\000o}{section.4}% 20
\BOOKMARK [3][-]{subsubsection.4.3.1}{\376\377\000U\000C\000\040\0001\000:\000\040\000G\000e\000s\000t\000i\000o\000n\000e\000\040\000d\000e\000l\000\040\000R\000E\000A\000D\000M\000E\000\040\000d\000i\000\040\000P\000r\000o\000g\000e\000t\000t\000o}{subsection.4.3}% 21
\BOOKMARK [3][-]{subsubsection.4.3.2}{\376\377\000U\000C\000\040\0002\000:\000\040\000G\000e\000n\000e\000r\000a\000z\000i\000o\000n\000e\000\040\000D\000o\000c\000u\000m\000e\000n\000t\000a\000z\000i\000o\000n\000e\000\040\000I\000n\000l\000i\000n\000e\000\040\000\050\000D\000o\000c\000s\000t\000r\000i\000n\000g\000/\000J\000S\000D\000o\000c\000\051}{subsection.4.3}% 22
\BOOKMARK [3][-]{subsubsection.4.3.3}{\376\377\000U\000C\000\040\0003\000:\000\040\000G\000e\000n\000e\000r\000a\000z\000i\000o\000n\000e\000\040\000D\000o\000c\000u\000m\000e\000n\000t\000a\000z\000i\000o\000n\000e\000\040\000A\000P\000I}{subsection.4.3}% 23
\BOOKMARK [2][-]{subsection.4.4}{\376\377\000R\000e\000q\000u\000i\000s\000i\000t\000i\000\040\000F\000u\000n\000z\000i\000o\000n\000a\000l\000i}{section.4}% 24
\BOOKMARK [1][-]{section.5}{\376\377\000A\000g\000e\000n\000t\000e\000\040\0004\000:\000\040\000C\000h\000a\000n\000g\000e\000l\000o\000g\000\040\000d\000a\000\040\000U\000s\000e\000r\000\040\000S\000t\000o\000r\000i\000e\000s}{}% 25
\BOOKMARK [2][-]{subsection.5.1}{\376\377\000I\000n\000t\000r\000o\000d\000u\000z\000i\000o\000n\000e\000\040\000a\000l\000l\000'\000a\000g\000e\000n\000t\000e}{section.5}% 26
\BOOKMARK [2][-]{subsection.5.2}{\376\377\000O\000b\000i\000e\000t\000t\000i\000v\000i\000\040\000e\000\040\000F\000u\000n\000z\000i\000o\000n\000a\000l\000i\000t\000\340}{section.5}% 27
\BOOKMARK [2][-]{subsection.5.3}{\376\377\000C\000a\000s\000i\000\040\000d\000'\000U\000s\000o}{section.5}% 28
\BOOKMARK [3][-]{subsubsection.5.3.1}{\376\377\000U\000C\000\040\0007\000:\000\040\000R\000e\000c\000u\000p\000e\000r\000o\000\040\000e\000\040\000F\000i\000l\000t\000r\000a\000g\000g\000i\000o\000\040\000U\000s\000e\000r\000\040\000S\000t\000o\000r\000i\000e\000s}{subsection.5.3}% 29
\BOOKMARK [3][-]{subsubsection.5.3.2}{\376\377\000U\000C\000\040\0008\000:\000\040\000G\000e\000n\000e\000r\000a\000z\000i\000o\000n\000e\000\040\000C\000h\000a\000n\000g\000e\000l\000o\000g\000\040\000T\000e\000c\000n\000i\000c\000o\000\040\000\050\000D\000e\000v\000-\000t\000o\000-\000D\000e\000v\000\051}{subsection.5.3}% 30
\BOOKMARK [3][-]{subsubsection.5.3.3}{\376\377\000U\000C\000\040\0009\000:\000\040\000G\000e\000n\000e\000r\000a\000z\000i\000o\000n\000e\000\040\000C\000h\000a\000n\000g\000e\000l\000o\000g\000\040\000d\000i\000\040\000B\000u\000s\000i\000n\000e\000s\000s\000\040\000\050\000D\000e\000v\000-\000t\000o\000-\000C\000l\000i\000e\000n\000t\000\051}{subsection.5.3}% 31
\BOOKMARK [3][-]{subsubsection.5.3.4}{\376\377\000U\000C\000\040\0001\0003\000.\0005\000:\000\040\000V\000a\000l\000i\000d\000a\000z\000i\000o\000n\000e\000\040\000F\000o\000r\000m\000a\000t\000o\000\040\000O\000u\000t\000p\000u\000t\000\040\000A\000I}{subsection.5.3}% 32
\BOOKMARK [3][-]{subsubsection.5.3.5}{\376\377\000U\000C\000\040\0001\0004\000.\0004\000:\000\040\000E\000s\000p\000o\000r\000t\000a\000z\000i\000o\000n\000e\000\040\000R\000e\000p\000o\000r\000t\000\040\000M\000u\000l\000t\000i\000f\000o\000r\000m\000a\000t\000o}{subsection.5.3}% 33
\BOOKMARK [2][-]{subsection.5.4}{\376\377\000R\000e\000q\000u\000i\000s\000i\000t\000i\000\040\000F\000u\000n\000z\000i\000o\000n\000a\000l\000i}{section.5}% 34
\BOOKMARK [1][-]{section.6}{\376\377\000N\000o\000t\000e\000\040\000O\000p\000e\000r\000a\000t\000i\000v\000e}{}% 35
\BOOKMARK [2][-]{subsubsection.6.0.1}{\376\377\000A\000g\000e\000n\000t\000e\000\040\0003\000:\000\040}{section.6}% 36
\BOOKMARK [3][-]{subsubsection.6.0.2}{\376\377\000A\000g\000e\000n\000t\000e\000\040\0004\000:\000\040}{subsubsection.6.0.1}% 37
\BOOKMARK [1][-]{section.7}{\376\377\000R\000e\000q\000u\000i\000s\000i\000t\000i}{}% 38
\BOOKMARK [2][-]{subsection.7.1}{\376\377\000R\000e\000q\000u\000i\000s\000i\000t\000i\000\040\000f\000u\000n\000z\000i\000o\000n\000a\000l\000i}{section.7}% 39
\BOOKMARK [2][-]{subsection.7.2}{\376\377\000R\000e\000q\000u\000i\000s\000i\000t\000i\000\040\000q\000u\000a\000l\000i\000t\000a\000t\000i\000v\000i}{section.7}% 40
\BOOKMARK [2][-]{subsection.7.3}{\376\377\000R\000e\000q\000u\000i\000s\000i\000t\000i\000\040\000d\000i\000\040\000v\000i\000n\000c\000o\000l\000o}{section.7}% 41
\BOOKMARK [2][-]{subsection.7.4}{\376\377\000R\000e\000q\000u\000i\000s\000i\000t\000i\000\040\000d\000i\000\040\000s\000i\000s\000t\000e\000m\000a\000\040\000o\000p\000e\000r\000a\000t\000i\000v\000o\000\040\000[\000?\000?\000]\000\040}{section.7}% 42
\BOOKMARK [2][-]{subsection.7.5}{\376\377\000\050\000f\000a\000c\000c\000i\000a\000m\000o\000\040\000u\000n\000\040\000s\000e\000r\000v\000i\000z\000i\000o\000\040\000w\000e\000b\000\040\000p\000e\000r\000\040\000c\000u\000i\000\040\000n\000o\000n\000\040\000c\000i\000\040\000v\000o\000g\000l\000i\000o\000n\000o\000\040\000q\000u\000e\000s\000t\000i\000\040\000r\000e\000q\000u\000i\000s\000i\000t\000i\000?\000\051}{section.7}% 43
\BOOKMARK [2][-]{subsection.7.6}{\376\377\000R\000e\000q\000u\000i\000s\000i\000t\000i\000\040\000p\000r\000e\000s\000t\000a\000z\000i\000o\000n\000a\000l\000i\000\040\000[\000?\000]}{section.7}% 44
\BOOKMARK [2][-]{subsection.7.7}{\376\377\000R\000e\000q\000u\000i\000s\000i\000t\000i\000\040\000d\000i\000\040\000s\000i\000c\000u\000r\000e\000z\000z\000a}{section.7}% 45
\BOOKMARK [2][-]{subsection.7.8}{\376\377\000T\000r\000a\000c\000c\000i\000a\000m\000e\000n\000t\000o}{section.7}% 46
\BOOKMARK [3][-]{subsubsection.7.8.1}{\376\377\000F\000o\000n\000t\000e\000\040\000-\000\040\000R\000e\000q\000u\000i\000s\000i\000t\000o}{subsection.7.8}% 47
\BOOKMARK [3][-]{subsubsection.7.8.2}{\376\377\000R\000e\000q\000u\000i\000s\000i\000t\000o\000\040\000-\000\040\000F\000o\000n\000t\000e}{subsection.7.8}% 48
\BOOKMARK [3][-]{subsubsection.7.8.3}{\376\377\000R\000i\000e\000p\000i\000l\000o\000g\000o\000\040\000r\000e\000q\000u\000i\000s\000i\000t\000i}{subsection.7.8}% 49
